==6092== Memcheck, a memory error detector
==6092== Copyright (C) 2002-2015, and GNU GPL'd, by Julian Seward et al.
==6092== Using Valgrind-3.11.0 and LibVEX; rerun with -h for copyright info
==6092== Command: ./usort -m 32
==6092== 
==6413== 
==6413== HEAP SUMMARY:
==6413==     in use at exit: 0 bytes in 0 blocks
==6413==   total heap usage: 8 allocs, 8 frees, 13,228 bytes allocated
==6413== 
==6413== All heap blocks were freed -- no leaks are possible
==6413== 
==6413== For counts of detected and suppressed errors, rerun with: -v
==6413== ERROR SUMMARY: 0 errors from 0 contexts (suppressed: 0 from 0)
==6092== 
==6092== HEAP SUMMARY:
==6092==     in use at exit: 0 bytes in 0 blocks
==6092==   total heap usage: 8 allocs, 8 frees, 13,228 bytes allocated
==6092== 
==6092== All heap blocks were freed -- no leaks are possible
==6092== 
==6092== For counts of detected and suppressed errors, rerun with: -v
==6092== ERROR SUMMARY: 0 errors from 0 contexts (suppressed: 0 from 0)
==6508== Memcheck, a memory error detector
==6508== Copyright (C) 2002-2015, and GNU GPL'd, by Julian Seward et al.
==6508== Using Valgrind-3.11.0 and LibVEX; rerun with -h for copyright info
==6508== Command: ./psort -m 32
==6508== 
==6905== 
==6905== HEAP SUMMARY:
==6905==     in use at exit: 0 bytes in 0 blocks
==6905==   total heap usage: 8 allocs, 8 frees, 13,228 bytes allocated
==6905== 
==6905== All heap blocks were freed -- no leaks are possible
==6905== 
==6905== For counts of detected and suppressed errors, rerun with: -v
==6905== ERROR SUMMARY: 0 errors from 0 contexts (suppressed: 0 from 0)
==6508== 
==6508== HEAP SUMMARY:
==6508==     in use at exit: 0 bytes in 0 blocks
==6508==   total heap usage: 8 allocs, 8 frees, 13,228 bytes allocated
==6508== 
==6508== All heap blocks were freed -- no leaks are possible
==6508== 
==6508== For counts of detected and suppressed errors, rerun with: -v
==6508== ERROR SUMMARY: 0 errors from 0 contexts (suppressed: 0 from 0)
