==9210== Memcheck, a memory error detector
==9210== Copyright (C) 2002-2015, and GNU GPL'd, by Julian Seward et al.
==9210== Using Valgrind-3.11.0 and LibVEX; rerun with -h for copyright info
==9210== Command: ./manpage
==9210== 
==9210== 
==9210== Process terminating with default action of signal 2 (SIGINT)
==9210==    at 0x400AE0: thread_func (manpage.c:56)
==9210==    by 0x4E416B9: start_thread (pthread_create.c:333)
==9210== 
==9210== Process terminating with default action of signal 2 (SIGINT)
==9210==    at 0x4E4298D: pthread_join (pthread_join.c:90)
==9210==    by 0x400B99: manpage (manpage.c:74)
==9210==    by 0x400F78: main (in /afs/cats.ucsc.edu/users/x/radgupta/CSE130/Assignment3/manpage)
==9210== 
==9210== HEAP SUMMARY:
==9210==     in use at exit: 1,904 bytes in 7 blocks
==9210==   total heap usage: 13 allocs, 6 frees, 7,694 bytes allocated
==9210== 
==9210== 1,904 bytes in 7 blocks are possibly lost in loss record 1 of 1
==9210==    at 0x4C2FB55: calloc (in /usr/lib/valgrind/vgpreload_memcheck-amd64-linux.so)
==9210==    by 0x40138E4: allocate_dtv (dl-tls.c:322)
==9210==    by 0x40138E4: _dl_allocate_tls (dl-tls.c:539)
==9210==    by 0x4E4226E: allocate_stack (allocatestack.c:588)
==9210==    by 0x4E4226E: pthread_create@@GLIBC_2.2.5 (pthread_create.c:539)
==9210==    by 0x400B6C: manpage (manpage.c:70)
==9210==    by 0x400F78: main (in /afs/cats.ucsc.edu/users/x/radgupta/CSE130/Assignment3/manpage)
==9210== 
==9210== LEAK SUMMARY:
==9210==    definitely lost: 0 bytes in 0 blocks
==9210==    indirectly lost: 0 bytes in 0 blocks
==9210==      possibly lost: 1,904 bytes in 7 blocks
==9210==    still reachable: 0 bytes in 0 blocks
==9210==         suppressed: 0 bytes in 0 blocks
==9210== 
==9210== For counts of detected and suppressed errors, rerun with: -v
==9210== ERROR SUMMARY: 1 errors from 1 contexts (suppressed: 0 from 0)
==18995== Memcheck, a memory error detector
==18995== Copyright (C) 2002-2015, and GNU GPL'd, by Julian Seward et al.
==18995== Using Valgrind-3.11.0 and LibVEX; rerun with -h for copyright info
==18995== Command: ./cartman -s
==18995== 
==18995== 
==18995== Process terminating with default action of signal 2 (SIGINT)
==18995==    at 0x4E3FE6D: __pthread_initialize_minimal (nptl-init.c:433)
==18995==    by 0x4E3F588: ??? (in /lib/x86_64-linux-gnu/libpthread-2.23.so)
==18995==    by 0x400044F: ??? (in /lib/x86_64-linux-gnu/ld-2.23.so)
==18995==    by 0x40106B9: call_init.part.0 (dl-init.c:58)
==18995==    by 0x4010874: call_init (dl-init.c:104)
==18995==    by 0x4010874: _dl_init (dl-init.c:87)
==18995==    by 0x4000C69: ??? (in /lib/x86_64-linux-gnu/ld-2.23.so)
==18995==    by 0x1: ???
==18995==    by 0xFFF000C76: ???
==18995==    by 0xFFF000C80: ???
==18995== 
==18995== HEAP SUMMARY:
==18995==     in use at exit: 0 bytes in 0 blocks
==18995==   total heap usage: 0 allocs, 0 frees, 0 bytes allocated
==18995== 
==18995== All heap blocks were freed -- no leaks are possible
==18995== 
==18995== For counts of detected and suppressed errors, rerun with: -v
==18995== ERROR SUMMARY: 0 errors from 0 contexts (suppressed: 0 from 0)
